# JRE version: Java(TM) SE Runtime Environment (8.0_301-b09) (build 1.8.0_301-b09)
# Java VM: Java HotSpot(TM) 64-Bit Server VM (25.301-b09 mixed mode windows-amd64 compressed oops)
Heap:
 PSYoungGen      total 172544K, used 111275K [0x0000000780b00000, 0x000000078df00000, 0x00000007c0000000)
  eden space 160768K, 69% used [0x0000000780b00000,0x00000007877aaf40,0x000000078a800000)
  from space 11776K, 0% used [0x000000078c800000,0x000000078c800000,0x000000078d380000)
  to   space 10240K, 0% used [0x000000078d500000,0x000000078d500000,0x000000078df00000)
 ParOldGen       total 72192K, used 15906K [0x0000000702000000, 0x0000000706680000, 0x0000000780b00000)
  object space 72192K, 22% used [0x0000000702000000,0x0000000702f88ad8,0x0000000706680000)
 Metaspace       used 48923K, capacity 51534K, committed 51672K, reserved 1093632K
  class space    used 6646K, capacity 7152K, committed 7168K, reserved 1048576K
GC Heap History (10 events):
Event: 1.766 GC heap before
{Heap before GC invocations=5 (full 0):
 PSYoungGen      total 105984K, used 12485K [0x0000000780b00000, 0x0000000787a00000, 0x00000007c0000000)
  eden space 98304K, 6% used [0x0000000780b00000,0x000000078119fd40,0x0000000786b00000)
  from space 7680K, 74% used [0x0000000787280000,0x0000000787811818,0x0000000787a00000)
  to   space 7680K, 0% used [0x0000000786b00000,0x0000000786b00000,0x0000000787280000)
 ParOldGen       total 130048K, used 2304K [0x0000000702000000, 0x0000000709f00000, 0x0000000780b00000)
  object space 130048K, 1% used [0x0000000702000000,0x00000007022401d8,0x0000000709f00000)
 Metaspace       used 20208K, capacity 21172K, committed 21248K, reserved 1067008K
  class space    used 2535K, capacity 2763K, committed 2816K, reserved 1048576K
Event: 1.773 GC heap after
Heap after GC invocations=5 (full 0):
 PSYoungGen      total 105984K, used 5736K [0x0000000780b00000, 0x000000078df00000, 0x00000007c0000000)
  eden space 98304K, 0% used [0x0000000780b00000,0x0000000780b00000,0x0000000786b00000)
  from space 7680K, 74% used [0x0000000786b00000,0x000000078709a188,0x0000000787280000)
  to   space 10240K, 0% used [0x000000078d500000,0x000000078d500000,0x000000078df00000)
 ParOldGen       total 130048K, used 2312K [0x0000000702000000, 0x0000000709f00000, 0x0000000780b00000)
  object space 130048K, 1% used [0x0000000702000000,0x00000007022421d8,0x0000000709f00000)
 Metaspace       used 20208K, capacity 21172K, committed 21248K, reserved 1067008K
  class space    used 2535K, capacity 2763K, committed 2816K, reserved 1048576K
}
Event: 1.773 GC heap before
{Heap before GC invocations=6 (full 1):
 PSYoungGen      total 105984K, used 5736K [0x0000000780b00000, 0x000000078df00000, 0x00000007c0000000)
  eden space 98304K, 0% used [0x0000000780b00000,0x0000000780b00000,0x0000000786b00000)
  from space 7680K, 74% used [0x0000000786b00000,0x000000078709a188,0x0000000787280000)
  to   space 10240K, 0% used [0x000000078d500000,0x000000078d500000,0x000000078df00000)
 ParOldGen       total 130048K, used 2312K [0x0000000702000000, 0x0000000709f00000, 0x0000000780b00000)
  object space 130048K, 1% used [0x0000000702000000,0x00000007022421d8,0x0000000709f00000)
 Metaspace       used 20208K, capacity 21172K, committed 21248K, reserved 1067008K
  class space    used 2535K, capacity 2763K, committed 2816K, reserved 1048576K
Event: 1.802 GC heap after
Heap after GC invocations=6 (full 1):
 PSYoungGen      total 105984K, used 0K [0x0000000780b00000, 0x000000078df00000, 0x00000007c0000000)
  eden space 98304K, 0% used [0x0000000780b00000,0x0000000780b00000,0x0000000786b00000)
  from space 7680K, 0% used [0x0000000786b00000,0x0000000786b00000,0x0000000787280000)
  to   space 10240K, 0% used [0x000000078d500000,0x000000078d500000,0x000000078df00000)
 ParOldGen       total 72192K, used 5585K [0x0000000702000000, 0x0000000706680000, 0x0000000780b00000)
  object space 72192K, 7% used [0x0000000702000000,0x00000007025745a0,0x0000000706680000)
 Metaspace       used 20208K, capacity 21172K, committed 21248K, reserved 1067008K
  class space    used 2535K, capacity 2763K, committed 2816K, reserved 1048576K
}
Event: 3.802 GC heap before
{Heap before GC invocations=7 (full 1):
 PSYoungGen      total 105984K, used 98302K [0x0000000780b00000, 0x000000078df00000, 0x00000007c0000000)
  eden space 98304K, 99% used [0x0000000780b00000,0x0000000786aff948,0x0000000786b00000)
  from space 7680K, 0% used [0x0000000786b00000,0x0000000786b00000,0x0000000787280000)
  to   space 10240K, 0% used [0x000000078d500000,0x000000078d500000,0x000000078df00000)
 ParOldGen       total 72192K, used 5585K [0x0000000702000000, 0x0000000706680000, 0x0000000780b00000)
  object space 72192K, 7% used [0x0000000702000000,0x00000007025745a0,0x0000000706680000)
 Metaspace       used 27437K, capacity 29468K, committed 29568K, reserved 1075200K
  class space    used 3594K, capacity 3953K, committed 3968K, reserved 1048576K
Event: 3.813 GC heap after
Heap after GC invocations=7 (full 1):
 PSYoungGen      total 171008K, used 10231K [0x0000000780b00000, 0x000000078df00000, 0x00000007c0000000)
  eden space 160768K, 0% used [0x0000000780b00000,0x0000000780b00000,0x000000078a800000)
  from space 10240K, 99% used [0x000000078d500000,0x000000078defdcc8,0x000000078df00000)
  to   space 11776K, 0% used [0x000000078c800000,0x000000078c800000,0x000000078d380000)
 ParOldGen       total 72192K, used 5798K [0x0000000702000000, 0x0000000706680000, 0x0000000780b00000)
  object space 72192K, 8% used [0x0000000702000000,0x00000007025a9ac0,0x0000000706680000)
 Metaspace       used 27437K, capacity 29468K, committed 29568K, reserved 1075200K
  class space    used 3594K, capacity 3953K, committed 3968K, reserved 1048576K
}
Event: 4.637 GC heap before
{Heap before GC invocations=8 (full 1):
 PSYoungGen      total 171008K, used 141766K [0x0000000780b00000, 0x000000078df00000, 0x00000007c0000000)
  eden space 160768K, 81% used [0x0000000780b00000,0x0000000788b73e00,0x000000078a800000)
  from space 10240K, 99% used [0x000000078d500000,0x000000078defdcc8,0x000000078df00000)
  to   space 11776K, 0% used [0x000000078c800000,0x000000078c800000,0x000000078d380000)
 ParOldGen       total 72192K, used 5798K [0x0000000702000000, 0x0000000706680000, 0x0000000780b00000)
  object space 72192K, 8% used [0x0000000702000000,0x00000007025a9ac0,0x0000000706680000)
 Metaspace       used 33171K, capacity 35362K, committed 35416K, reserved 1079296K
  class space    used 4268K, capacity 4688K, committed 4736K, reserved 1048576K
Event: 4.650 GC heap after
Heap after GC invocations=8 (full 1):
 PSYoungGen      total 172544K, used 11684K [0x0000000780b00000, 0x000000078df00000, 0x00000007c0000000)
  eden space 160768K, 0% used [0x0000000780b00000,0x0000000780b00000,0x000000078a800000)
  from space 11776K, 99% used [0x000000078c800000,0x000000078d3693f0,0x000000078d380000)
  to   space 10240K, 0% used [0x000000078d500000,0x000000078d500000,0x000000078df00000)
 ParOldGen       total 72192K, used 5806K [0x0000000702000000, 0x0000000706680000, 0x0000000780b00000)
  object space 72192K, 8% used [0x0000000702000000,0x00000007025abac0,0x0000000706680000)
 Metaspace       used 33171K, capacity 35362K, committed 35416K, reserved 1079296K
  class space    used 4268K, capacity 4688K, committed 4736K, reserved 1048576K
}
Event: 4.650 GC heap before
{Heap before GC invocations=9 (full 2):
 PSYoungGen      total 172544K, used 11684K [0x0000000780b00000, 0x000000078df00000, 0x00000007c0000000)
  eden space 160768K, 0% used [0x0000000780b00000,0x0000000780b00000,0x000000078a800000)
  from space 11776K, 99% used [0x000000078c800000,0x000000078d3693f0,0x000000078d380000)
  to   space 10240K, 0% used [0x000000078d500000,0x000000078d500000,0x000000078df00000)
 ParOldGen       total 72192K, used 5806K [0x0000000702000000, 0x0000000706680000, 0x0000000780b00000)
  object space 72192K, 8% used [0x0000000702000000,0x00000007025abac0,0x0000000706680000)
 Metaspace       used 33171K, capacity 35362K, committed 35416K, reserved 1079296K
  class space    used 4268K, capacity 4688K, committed 4736K, reserved 1048576K
Event: 4.711 GC heap after
Heap after GC invocations=9 (full 2):
 PSYoungGen      total 172544K, used 0K [0x0000000780b00000, 0x000000078df00000, 0x00000007c0000000)
  eden space 160768K, 0% used [0x0000000780b00000,0x0000000780b00000,0x000000078a800000)
  from space 11776K, 0% used [0x000000078c800000,0x000000078c800000,0x000000078d380000)
  to   space 10240K, 0% used [0x000000078d500000,0x000000078d500000,0x000000078df00000)
 ParOldGen       total 72192K, used 15906K [0x0000000702000000, 0x0000000706680000, 0x0000000780b00000)
  object space 72192K, 22% used [0x0000000702000000,0x0000000702f88ad8,0x0000000706680000)
 Metaspace       used 33171K, capacity 35362K, committed 35416K, reserved 1079296K
  class space    used 4268K, capacity 4688K, committed 4736K, reserved 1048576K
}

