# JRE version: Java(TM) SE Runtime Environment (8.0_301-b09) (build 1.8.0_301-b09)
# Java VM: Java HotSpot(TM) 64-Bit Server VM (25.301-b09 mixed mode windows-amd64 compressed oops)
Heap:
 PSYoungGen      total 319488K, used 60057K [0x0000000780b00000, 0x0000000796900000, 0x00000007c0000000)
  eden space 306688K, 15% used [0x0000000780b00000,0x0000000783989290,0x0000000793680000)
  from space 12800K, 96% used [0x0000000795c80000,0x000000079689d3c0,0x0000000796900000)
  to   space 18944K, 0% used [0x0000000794400000,0x0000000794400000,0x0000000795680000)
 ParOldGen       total 156672K, used 21435K [0x0000000702000000, 0x000000070b900000, 0x0000000780b00000)
  object space 156672K, 13% used [0x0000000702000000,0x00000007034eefc8,0x000000070b900000)
 Metaspace       used 65350K, capacity 69482K, committed 69720K, reserved 1110016K
  class space    used 8838K, capacity 9574K, committed 9600K, reserved 1048576K
GC Heap History (10 events):
Event: 4.428 GC heap before
{Heap before GC invocations=9 (full 2):
 PSYoungGen      total 205312K, used 10749K [0x0000000780b00000, 0x0000000791b00000, 0x00000007c0000000)
  eden space 194560K, 0% used [0x0000000780b00000,0x0000000780b00000,0x000000078c900000)
  from space 10752K, 99% used [0x000000078c900000,0x000000078d37f7a0,0x000000078d380000)
  to   space 13312K, 0% used [0x0000000790e00000,0x0000000790e00000,0x0000000791b00000)
 ParOldGen       total 73216K, used 8276K [0x0000000702000000, 0x0000000706780000, 0x0000000780b00000)
  object space 73216K, 11% used [0x0000000702000000,0x00000007028153a8,0x0000000706780000)
 Metaspace       used 33206K, capacity 35376K, committed 35416K, reserved 1079296K
  class space    used 4298K, capacity 4704K, committed 4736K, reserved 1048576K
Event: 4.517 GC heap after
Heap after GC invocations=9 (full 2):
 PSYoungGen      total 205312K, used 0K [0x0000000780b00000, 0x0000000791b00000, 0x00000007c0000000)
  eden space 194560K, 0% used [0x0000000780b00000,0x0000000780b00000,0x000000078c900000)
  from space 10752K, 0% used [0x000000078c900000,0x000000078c900000,0x000000078d380000)
  to   space 13312K, 0% used [0x0000000790e00000,0x0000000790e00000,0x0000000791b00000)
 ParOldGen       total 117760K, used 17447K [0x0000000702000000, 0x0000000709300000, 0x0000000780b00000)
  object space 117760K, 14% used [0x0000000702000000,0x0000000703109ec0,0x0000000709300000)
 Metaspace       used 33206K, capacity 35376K, committed 35416K, reserved 1079296K
  class space    used 4298K, capacity 4704K, committed 4736K, reserved 1048576K
}
Event: 7.226 GC heap before
{Heap before GC invocations=10 (full 2):
 PSYoungGen      total 205312K, used 194560K [0x0000000780b00000, 0x0000000791b00000, 0x00000007c0000000)
  eden space 194560K, 100% used [0x0000000780b00000,0x000000078c900000,0x000000078c900000)
  from space 10752K, 0% used [0x000000078c900000,0x000000078c900000,0x000000078d380000)
  to   space 13312K, 0% used [0x0000000790e00000,0x0000000790e00000,0x0000000791b00000)
 ParOldGen       total 117760K, used 17447K [0x0000000702000000, 0x0000000709300000, 0x0000000780b00000)
  object space 117760K, 14% used [0x0000000702000000,0x0000000703109ec0,0x0000000709300000)
 Metaspace       used 55003K, capacity 58374K, committed 58584K, reserved 1099776K
  class space    used 7521K, capacity 8112K, committed 8192K, reserved 1048576K
Event: 7.257 GC heap after
Heap after GC invocations=10 (full 2):
 PSYoungGen      total 258560K, used 13307K [0x0000000780b00000, 0x0000000794980000, 0x00000007c0000000)
  eden space 245248K, 0% used [0x0000000780b00000,0x0000000780b00000,0x000000078fa80000)
  from space 13312K, 99% used [0x0000000790e00000,0x0000000791afecd0,0x0000000791b00000)
  to   space 19968K, 0% used [0x000000078fa80000,0x000000078fa80000,0x0000000790e00000)
 ParOldGen       total 117760K, used 28285K [0x0000000702000000, 0x0000000709300000, 0x0000000780b00000)
  object space 117760K, 24% used [0x0000000702000000,0x0000000703b9f7d0,0x0000000709300000)
 Metaspace       used 55003K, capacity 58374K, committed 58584K, reserved 1099776K
  class space    used 7521K, capacity 8112K, committed 8192K, reserved 1048576K
}
Event: 7.427 GC heap before
{Heap before GC invocations=11 (full 2):
 PSYoungGen      total 258560K, used 31251K [0x0000000780b00000, 0x0000000794980000, 0x00000007c0000000)
  eden space 245248K, 7% used [0x0000000780b00000,0x0000000781c85fe8,0x000000078fa80000)
  from space 13312K, 99% used [0x0000000790e00000,0x0000000791afecd0,0x0000000791b00000)
  to   space 19968K, 0% used [0x000000078fa80000,0x000000078fa80000,0x0000000790e00000)
 ParOldGen       total 117760K, used 28285K [0x0000000702000000, 0x0000000709300000, 0x0000000780b00000)
  object space 117760K, 24% used [0x0000000702000000,0x0000000703b9f7d0,0x0000000709300000)
 Metaspace       used 55648K, capacity 58976K, committed 59028K, reserved 1099776K
  class space    used 7617K, capacity 8183K, committed 8192K, reserved 1048576K
Event: 7.438 GC heap after
Heap after GC invocations=11 (full 2):
 PSYoungGen      total 265216K, used 8965K [0x0000000780b00000, 0x0000000796f00000, 0x00000007c0000000)
  eden space 245248K, 0% used [0x0000000780b00000,0x0000000780b00000,0x000000078fa80000)
  from space 19968K, 44% used [0x000000078fa80000,0x00000007903414a8,0x0000000790e00000)
  to   space 18944K, 0% used [0x0000000795c80000,0x0000000795c80000,0x0000000796f00000)
 ParOldGen       total 117760K, used 28293K [0x0000000702000000, 0x0000000709300000, 0x0000000780b00000)
  object space 117760K, 24% used [0x0000000702000000,0x0000000703ba17d0,0x0000000709300000)
 Metaspace       used 55648K, capacity 58976K, committed 59028K, reserved 1099776K
  class space    used 7617K, capacity 8183K, committed 8192K, reserved 1048576K
}
Event: 7.438 GC heap before
{Heap before GC invocations=12 (full 3):
 PSYoungGen      total 265216K, used 8965K [0x0000000780b00000, 0x0000000796f00000, 0x00000007c0000000)
  eden space 245248K, 0% used [0x0000000780b00000,0x0000000780b00000,0x000000078fa80000)
  from space 19968K, 44% used [0x000000078fa80000,0x00000007903414a8,0x0000000790e00000)
  to   space 18944K, 0% used [0x0000000795c80000,0x0000000795c80000,0x0000000796f00000)
 ParOldGen       total 117760K, used 28293K [0x0000000702000000, 0x0000000709300000, 0x0000000780b00000)
  object space 117760K, 24% used [0x0000000702000000,0x0000000703ba17d0,0x0000000709300000)
 Metaspace       used 55648K, capacity 58976K, committed 59028K, reserved 1099776K
  class space    used 7617K, capacity 8183K, committed 8192K, reserved 1048576K
Event: 7.594 GC heap after
Heap after GC invocations=12 (full 3):
 PSYoungGen      total 265216K, used 0K [0x0000000780b00000, 0x0000000796f00000, 0x00000007c0000000)
  eden space 245248K, 0% used [0x0000000780b00000,0x0000000780b00000,0x000000078fa80000)
  from space 19968K, 0% used [0x000000078fa80000,0x000000078fa80000,0x0000000790e00000)
  to   space 18944K, 0% used [0x0000000795c80000,0x0000000795c80000,0x0000000796f00000)
 ParOldGen       total 156672K, used 21427K [0x0000000702000000, 0x000000070b900000, 0x0000000780b00000)
  object space 156672K, 13% used [0x0000000702000000,0x00000007034ecfc8,0x000000070b900000)
 Metaspace       used 55633K, capacity 58952K, committed 59028K, reserved 1099776K
  class space    used 7615K, capacity 8179K, committed 8192K, reserved 1048576K
}
Event: 932.369 GC heap before
{Heap before GC invocations=13 (full 3):
 PSYoungGen      total 265216K, used 245248K [0x0000000780b00000, 0x0000000796f00000, 0x00000007c0000000)
  eden space 245248K, 100% used [0x0000000780b00000,0x000000078fa80000,0x000000078fa80000)
  from space 19968K, 0% used [0x000000078fa80000,0x000000078fa80000,0x0000000790e00000)
  to   space 18944K, 0% used [0x0000000795c80000,0x0000000795c80000,0x0000000796f00000)
 ParOldGen       total 156672K, used 21427K [0x0000000702000000, 0x000000070b900000, 0x0000000780b00000)
  object space 156672K, 13% used [0x0000000702000000,0x00000007034ecfc8,0x000000070b900000)
 Metaspace       used 65009K, capacity 69092K, committed 69208K, reserved 1110016K
  class space    used 8831K, capacity 9563K, committed 9600K, reserved 1048576K
Event: 932.453 GC heap after
Heap after GC invocations=13 (full 3):
 PSYoungGen      total 319488K, used 12404K [0x0000000780b00000, 0x0000000796900000, 0x00000007c0000000)
  eden space 306688K, 0% used [0x0000000780b00000,0x0000000780b00000,0x0000000793680000)
  from space 12800K, 96% used [0x0000000795c80000,0x000000079689d3c0,0x0000000796900000)
  to   space 18944K, 0% used [0x0000000794400000,0x0000000794400000,0x0000000795680000)
 ParOldGen       total 156672K, used 21435K [0x0000000702000000, 0x000000070b900000, 0x0000000780b00000)
  object space 156672K, 13% used [0x0000000702000000,0x00000007034eefc8,0x000000070b900000)
 Metaspace       used 65009K, capacity 69092K, committed 69208K, reserved 1110016K
  class space    used 8831K, capacity 9563K, committed 9600K, reserved 1048576K
}

