# JRE version: Java(TM) SE Runtime Environment (8.0_301-b09) (build 1.8.0_301-b09)
# Java VM: Java HotSpot(TM) 64-Bit Server VM (25.301-b09 mixed mode windows-amd64 compressed oops)
Heap:
 PSYoungGen      total 205312K, used 100203K [0x0000000780b00000, 0x0000000791c00000, 0x00000007c0000000)
  eden space 193536K, 51% used [0x0000000780b00000,0x0000000786cdac20,0x000000078c800000)
  from space 11776K, 0% used [0x000000078c800000,0x000000078c800000,0x000000078d380000)
  to   space 13312K, 0% used [0x0000000790f00000,0x0000000790f00000,0x0000000791c00000)
 ParOldGen       total 110592K, used 15892K [0x0000000702000000, 0x0000000708c00000, 0x0000000780b00000)
  object space 110592K, 14% used [0x0000000702000000,0x0000000702f853a0,0x0000000708c00000)
 Metaspace       used 48192K, capacity 50746K, committed 51160K, reserved 1097728K
  class space    used 6571K, capacity 7041K, committed 7168K, reserved 1048576K
GC Heap History (10 events):
Event: 2.165 GC heap before
{Heap before GC invocations=5 (full 0):
 PSYoungGen      total 105984K, used 12714K [0x0000000780b00000, 0x0000000787a00000, 0x00000007c0000000)
  eden space 98304K, 6% used [0x0000000780b00000,0x00000007811a8718,0x0000000786b00000)
  from space 7680K, 76% used [0x0000000787280000,0x00000007878422e8,0x0000000787a00000)
  to   space 7680K, 0% used [0x0000000786b00000,0x0000000786b00000,0x0000000787280000)
 ParOldGen       total 130048K, used 2334K [0x0000000702000000, 0x0000000709f00000, 0x0000000780b00000)
  object space 130048K, 1% used [0x0000000702000000,0x0000000702247968,0x0000000709f00000)
 Metaspace       used 20213K, capacity 21132K, committed 21248K, reserved 1067008K
  class space    used 2530K, capacity 2731K, committed 2816K, reserved 1048576K
Event: 2.177 GC heap after
Heap after GC invocations=5 (full 0):
 PSYoungGen      total 105984K, used 5672K [0x0000000780b00000, 0x000000078df00000, 0x00000007c0000000)
  eden space 98304K, 0% used [0x0000000780b00000,0x0000000780b00000,0x0000000786b00000)
  from space 7680K, 73% used [0x0000000786b00000,0x000000078708a188,0x0000000787280000)
  to   space 10240K, 0% used [0x000000078d500000,0x000000078d500000,0x000000078df00000)
 ParOldGen       total 130048K, used 2342K [0x0000000702000000, 0x0000000709f00000, 0x0000000780b00000)
  object space 130048K, 1% used [0x0000000702000000,0x0000000702249968,0x0000000709f00000)
 Metaspace       used 20213K, capacity 21132K, committed 21248K, reserved 1067008K
  class space    used 2530K, capacity 2731K, committed 2816K, reserved 1048576K
}
Event: 2.177 GC heap before
{Heap before GC invocations=6 (full 1):
 PSYoungGen      total 105984K, used 5672K [0x0000000780b00000, 0x000000078df00000, 0x00000007c0000000)
  eden space 98304K, 0% used [0x0000000780b00000,0x0000000780b00000,0x0000000786b00000)
  from space 7680K, 73% used [0x0000000786b00000,0x000000078708a188,0x0000000787280000)
  to   space 10240K, 0% used [0x000000078d500000,0x000000078d500000,0x000000078df00000)
 ParOldGen       total 130048K, used 2342K [0x0000000702000000, 0x0000000709f00000, 0x0000000780b00000)
  object space 130048K, 1% used [0x0000000702000000,0x0000000702249968,0x0000000709f00000)
 Metaspace       used 20213K, capacity 21132K, committed 21248K, reserved 1067008K
  class space    used 2530K, capacity 2731K, committed 2816K, reserved 1048576K
Event: 2.220 GC heap after
Heap after GC invocations=6 (full 1):
 PSYoungGen      total 105984K, used 0K [0x0000000780b00000, 0x000000078df00000, 0x00000007c0000000)
  eden space 98304K, 0% used [0x0000000780b00000,0x0000000780b00000,0x0000000786b00000)
  from space 7680K, 0% used [0x0000000786b00000,0x0000000786b00000,0x0000000787280000)
  to   space 10240K, 0% used [0x000000078d500000,0x000000078d500000,0x000000078df00000)
 ParOldGen       total 72704K, used 5598K [0x0000000702000000, 0x0000000706700000, 0x0000000780b00000)
  object space 72704K, 7% used [0x0000000702000000,0x0000000702577820,0x0000000706700000)
 Metaspace       used 20213K, capacity 21132K, committed 21248K, reserved 1067008K
  class space    used 2530K, capacity 2731K, committed 2816K, reserved 1048576K
}
Event: 4.260 GC heap before
{Heap before GC invocations=7 (full 1):
 PSYoungGen      total 105984K, used 98304K [0x0000000780b00000, 0x000000078df00000, 0x00000007c0000000)
  eden space 98304K, 100% used [0x0000000780b00000,0x0000000786b00000,0x0000000786b00000)
  from space 7680K, 0% used [0x0000000786b00000,0x0000000786b00000,0x0000000787280000)
  to   space 10240K, 0% used [0x000000078d500000,0x000000078d500000,0x000000078df00000)
 ParOldGen       total 72704K, used 5598K [0x0000000702000000, 0x0000000706700000, 0x0000000780b00000)
  object space 72704K, 7% used [0x0000000702000000,0x0000000702577820,0x0000000706700000)
 Metaspace       used 27490K, capacity 29468K, committed 29568K, reserved 1075200K
  class space    used 3598K, capacity 3953K, committed 3968K, reserved 1048576K
Event: 4.272 GC heap after
Heap after GC invocations=7 (full 1):
 PSYoungGen      total 169984K, used 10229K [0x0000000780b00000, 0x000000078df00000, 0x00000007c0000000)
  eden space 159744K, 0% used [0x0000000780b00000,0x0000000780b00000,0x000000078a700000)
  from space 10240K, 99% used [0x000000078d500000,0x000000078defd510,0x000000078df00000)
  to   space 11776K, 0% used [0x000000078c800000,0x000000078c800000,0x000000078d380000)
 ParOldGen       total 72704K, used 5850K [0x0000000702000000, 0x0000000706700000, 0x0000000780b00000)
  object space 72704K, 8% used [0x0000000702000000,0x00000007025b6958,0x0000000706700000)
 Metaspace       used 27490K, capacity 29468K, committed 29568K, reserved 1075200K
  class space    used 3598K, capacity 3953K, committed 3968K, reserved 1048576K
}
Event: 5.274 GC heap before
{Heap before GC invocations=8 (full 1):
 PSYoungGen      total 169984K, used 143142K [0x0000000780b00000, 0x000000078df00000, 0x00000007c0000000)
  eden space 159744K, 83% used [0x0000000780b00000,0x0000000788ccc618,0x000000078a700000)
  from space 10240K, 99% used [0x000000078d500000,0x000000078defd510,0x000000078df00000)
  to   space 11776K, 0% used [0x000000078c800000,0x000000078c800000,0x000000078d380000)
 ParOldGen       total 72704K, used 5850K [0x0000000702000000, 0x0000000706700000, 0x0000000780b00000)
  object space 72704K, 8% used [0x0000000702000000,0x00000007025b6958,0x0000000706700000)
 Metaspace       used 33193K, capacity 35362K, committed 35416K, reserved 1079296K
  class space    used 4271K, capacity 4688K, committed 4736K, reserved 1048576K
Event: 5.287 GC heap after
Heap after GC invocations=8 (full 1):
 PSYoungGen      total 205312K, used 11632K [0x0000000780b00000, 0x0000000791c00000, 0x00000007c0000000)
  eden space 193536K, 0% used [0x0000000780b00000,0x0000000780b00000,0x000000078c800000)
  from space 11776K, 98% used [0x000000078c800000,0x000000078d35c3f8,0x000000078d380000)
  to   space 13312K, 0% used [0x0000000790f00000,0x0000000790f00000,0x0000000791c00000)
 ParOldGen       total 72704K, used 5858K [0x0000000702000000, 0x0000000706700000, 0x0000000780b00000)
  object space 72704K, 8% used [0x0000000702000000,0x00000007025b8958,0x0000000706700000)
 Metaspace       used 33193K, capacity 35362K, committed 35416K, reserved 1079296K
  class space    used 4271K, capacity 4688K, committed 4736K, reserved 1048576K
}
Event: 5.287 GC heap before
{Heap before GC invocations=9 (full 2):
 PSYoungGen      total 205312K, used 11632K [0x0000000780b00000, 0x0000000791c00000, 0x00000007c0000000)
  eden space 193536K, 0% used [0x0000000780b00000,0x0000000780b00000,0x000000078c800000)
  from space 11776K, 98% used [0x000000078c800000,0x000000078d35c3f8,0x000000078d380000)
  to   space 13312K, 0% used [0x0000000790f00000,0x0000000790f00000,0x0000000791c00000)
 ParOldGen       total 72704K, used 5858K [0x0000000702000000, 0x0000000706700000, 0x0000000780b00000)
  object space 72704K, 8% used [0x0000000702000000,0x00000007025b8958,0x0000000706700000)
 Metaspace       used 33193K, capacity 35362K, committed 35416K, reserved 1079296K
  class space    used 4271K, capacity 4688K, committed 4736K, reserved 1048576K
Event: 5.346 GC heap after
Heap after GC invocations=9 (full 2):
 PSYoungGen      total 205312K, used 0K [0x0000000780b00000, 0x0000000791c00000, 0x00000007c0000000)
  eden space 193536K, 0% used [0x0000000780b00000,0x0000000780b00000,0x000000078c800000)
  from space 11776K, 0% used [0x000000078c800000,0x000000078c800000,0x000000078d380000)
  to   space 13312K, 0% used [0x0000000790f00000,0x0000000790f00000,0x0000000791c00000)
 ParOldGen       total 110592K, used 15892K [0x0000000702000000, 0x0000000708c00000, 0x0000000780b00000)
  object space 110592K, 14% used [0x0000000702000000,0x0000000702f853a0,0x0000000708c00000)
 Metaspace       used 33193K, capacity 35362K, committed 35416K, reserved 1079296K
  class space    used 4271K, capacity 4688K, committed 4736K, reserved 1048576K
}

