# JRE version: Java(TM) SE Runtime Environment (8.0_301-b09) (build 1.8.0_301-b09)
# Java VM: Java HotSpot(TM) 64-Bit Server VM (25.301-b09 mixed mode windows-amd64 compressed oops)
Heap:
 PSYoungGen      total 163840K, used 103083K [0x0000000780b00000, 0x000000078df00000, 0x00000007c0000000)
  eden space 152064K, 67% used [0x0000000780b00000,0x0000000786faaed0,0x0000000789f80000)
  from space 11776K, 0% used [0x000000078c800000,0x000000078c800000,0x000000078d380000)
  to   space 10240K, 0% used [0x000000078d500000,0x000000078d500000,0x000000078df00000)
 ParOldGen       total 76800K, used 15802K [0x0000000702000000, 0x0000000706b00000, 0x0000000780b00000)
  object space 76800K, 20% used [0x0000000702000000,0x0000000702f6e858,0x0000000706b00000)
 Metaspace       used 48452K, capacity 50984K, committed 51160K, reserved 1093632K
  class space    used 6604K, capacity 7079K, committed 7168K, reserved 1048576K
GC Heap History (10 events):
Event: 1.638 GC heap before
{Heap before GC invocations=5 (full 0):
 PSYoungGen      total 105984K, used 12568K [0x0000000780b00000, 0x0000000787a00000, 0x00000007c0000000)
  eden space 98304K, 6% used [0x0000000780b00000,0x00000007811aab98,0x0000000786b00000)
  from space 7680K, 74% used [0x0000000787280000,0x000000078781b798,0x0000000787a00000)
  to   space 7680K, 0% used [0x0000000786b00000,0x0000000786b00000,0x0000000787280000)
 ParOldGen       total 130048K, used 2272K [0x0000000702000000, 0x0000000709f00000, 0x0000000780b00000)
  object space 130048K, 1% used [0x0000000702000000,0x0000000702238278,0x0000000709f00000)
 Metaspace       used 20203K, capacity 21132K, committed 21248K, reserved 1067008K
  class space    used 2532K, capacity 2731K, committed 2816K, reserved 1048576K
Event: 1.643 GC heap after
Heap after GC invocations=5 (full 0):
 PSYoungGen      total 105984K, used 5752K [0x0000000780b00000, 0x000000078df00000, 0x00000007c0000000)
  eden space 98304K, 0% used [0x0000000780b00000,0x0000000780b00000,0x0000000786b00000)
  from space 7680K, 74% used [0x0000000786b00000,0x000000078709e198,0x0000000787280000)
  to   space 10240K, 0% used [0x000000078d500000,0x000000078d500000,0x000000078df00000)
 ParOldGen       total 130048K, used 2280K [0x0000000702000000, 0x0000000709f00000, 0x0000000780b00000)
  object space 130048K, 1% used [0x0000000702000000,0x000000070223a278,0x0000000709f00000)
 Metaspace       used 20203K, capacity 21132K, committed 21248K, reserved 1067008K
  class space    used 2532K, capacity 2731K, committed 2816K, reserved 1048576K
}
Event: 1.643 GC heap before
{Heap before GC invocations=6 (full 1):
 PSYoungGen      total 105984K, used 5752K [0x0000000780b00000, 0x000000078df00000, 0x00000007c0000000)
  eden space 98304K, 0% used [0x0000000780b00000,0x0000000780b00000,0x0000000786b00000)
  from space 7680K, 74% used [0x0000000786b00000,0x000000078709e198,0x0000000787280000)
  to   space 10240K, 0% used [0x000000078d500000,0x000000078d500000,0x000000078df00000)
 ParOldGen       total 130048K, used 2280K [0x0000000702000000, 0x0000000709f00000, 0x0000000780b00000)
  object space 130048K, 1% used [0x0000000702000000,0x000000070223a278,0x0000000709f00000)
 Metaspace       used 20203K, capacity 21132K, committed 21248K, reserved 1067008K
  class space    used 2532K, capacity 2731K, committed 2816K, reserved 1048576K
Event: 1.675 GC heap after
Heap after GC invocations=6 (full 1):
 PSYoungGen      total 105984K, used 0K [0x0000000780b00000, 0x000000078df00000, 0x00000007c0000000)
  eden space 98304K, 0% used [0x0000000780b00000,0x0000000780b00000,0x0000000786b00000)
  from space 7680K, 0% used [0x0000000786b00000,0x0000000786b00000,0x0000000787280000)
  to   space 10240K, 0% used [0x000000078d500000,0x000000078d500000,0x000000078df00000)
 ParOldGen       total 76800K, used 5615K [0x0000000702000000, 0x0000000706b00000, 0x0000000780b00000)
  object space 76800K, 7% used [0x0000000702000000,0x000000070257be28,0x0000000706b00000)
 Metaspace       used 20203K, capacity 21132K, committed 21248K, reserved 1067008K
  class space    used 2532K, capacity 2731K, committed 2816K, reserved 1048576K
}
Event: 3.655 GC heap before
{Heap before GC invocations=7 (full 1):
 PSYoungGen      total 105984K, used 98304K [0x0000000780b00000, 0x000000078df00000, 0x00000007c0000000)
  eden space 98304K, 100% used [0x0000000780b00000,0x0000000786b00000,0x0000000786b00000)
  from space 7680K, 0% used [0x0000000786b00000,0x0000000786b00000,0x0000000787280000)
  to   space 10240K, 0% used [0x000000078d500000,0x000000078d500000,0x000000078df00000)
 ParOldGen       total 76800K, used 5615K [0x0000000702000000, 0x0000000706b00000, 0x0000000780b00000)
  object space 76800K, 7% used [0x0000000702000000,0x000000070257be28,0x0000000706b00000)
 Metaspace       used 27614K, capacity 29588K, committed 29824K, reserved 1075200K
  class space    used 3609K, capacity 3953K, committed 3968K, reserved 1048576K
Event: 3.665 GC heap after
Heap after GC invocations=7 (full 1):
 PSYoungGen      total 162304K, used 10237K [0x0000000780b00000, 0x000000078df00000, 0x00000007c0000000)
  eden space 152064K, 0% used [0x0000000780b00000,0x0000000780b00000,0x0000000789f80000)
  from space 10240K, 99% used [0x000000078d500000,0x000000078deff4e8,0x000000078df00000)
  to   space 11776K, 0% used [0x000000078c800000,0x000000078c800000,0x000000078d380000)
 ParOldGen       total 76800K, used 6054K [0x0000000702000000, 0x0000000706b00000, 0x0000000780b00000)
  object space 76800K, 7% used [0x0000000702000000,0x00000007025e9b08,0x0000000706b00000)
 Metaspace       used 27614K, capacity 29588K, committed 29824K, reserved 1075200K
  class space    used 3609K, capacity 3953K, committed 3968K, reserved 1048576K
}
Event: 4.616 GC heap before
{Heap before GC invocations=8 (full 1):
 PSYoungGen      total 162304K, used 142782K [0x0000000780b00000, 0x000000078df00000, 0x00000007c0000000)
  eden space 152064K, 87% used [0x0000000780b00000,0x0000000788c70360,0x0000000789f80000)
  from space 10240K, 99% used [0x000000078d500000,0x000000078deff4e8,0x000000078df00000)
  to   space 11776K, 0% used [0x000000078c800000,0x000000078c800000,0x000000078d380000)
 ParOldGen       total 76800K, used 6054K [0x0000000702000000, 0x0000000706b00000, 0x0000000780b00000)
  object space 76800K, 7% used [0x0000000702000000,0x00000007025e9b08,0x0000000706b00000)
 Metaspace       used 33178K, capacity 35354K, committed 35416K, reserved 1079296K
  class space    used 4271K, capacity 4688K, committed 4736K, reserved 1048576K
Event: 4.631 GC heap after
Heap after GC invocations=8 (full 1):
 PSYoungGen      total 163840K, used 11544K [0x0000000780b00000, 0x000000078df00000, 0x00000007c0000000)
  eden space 152064K, 0% used [0x0000000780b00000,0x0000000780b00000,0x0000000789f80000)
  from space 11776K, 98% used [0x000000078c800000,0x000000078d346228,0x000000078d380000)
  to   space 10240K, 0% used [0x000000078d500000,0x000000078d500000,0x000000078df00000)
 ParOldGen       total 76800K, used 6062K [0x0000000702000000, 0x0000000706b00000, 0x0000000780b00000)
  object space 76800K, 7% used [0x0000000702000000,0x00000007025ebb08,0x0000000706b00000)
 Metaspace       used 33178K, capacity 35354K, committed 35416K, reserved 1079296K
  class space    used 4271K, capacity 4688K, committed 4736K, reserved 1048576K
}
Event: 4.631 GC heap before
{Heap before GC invocations=9 (full 2):
 PSYoungGen      total 163840K, used 11544K [0x0000000780b00000, 0x000000078df00000, 0x00000007c0000000)
  eden space 152064K, 0% used [0x0000000780b00000,0x0000000780b00000,0x0000000789f80000)
  from space 11776K, 98% used [0x000000078c800000,0x000000078d346228,0x000000078d380000)
  to   space 10240K, 0% used [0x000000078d500000,0x000000078d500000,0x000000078df00000)
 ParOldGen       total 76800K, used 6062K [0x0000000702000000, 0x0000000706b00000, 0x0000000780b00000)
  object space 76800K, 7% used [0x0000000702000000,0x00000007025ebb08,0x0000000706b00000)
 Metaspace       used 33178K, capacity 35354K, committed 35416K, reserved 1079296K
  class space    used 4271K, capacity 4688K, committed 4736K, reserved 1048576K
Event: 4.700 GC heap after
Heap after GC invocations=9 (full 2):
 PSYoungGen      total 163840K, used 0K [0x0000000780b00000, 0x000000078df00000, 0x00000007c0000000)
  eden space 152064K, 0% used [0x0000000780b00000,0x0000000780b00000,0x0000000789f80000)
  from space 11776K, 0% used [0x000000078c800000,0x000000078c800000,0x000000078d380000)
  to   space 10240K, 0% used [0x000000078d500000,0x000000078d500000,0x000000078df00000)
 ParOldGen       total 76800K, used 15802K [0x0000000702000000, 0x0000000706b00000, 0x0000000780b00000)
  object space 76800K, 20% used [0x0000000702000000,0x0000000702f6e858,0x0000000706b00000)
 Metaspace       used 33178K, capacity 35354K, committed 35416K, reserved 1079296K
  class space    used 4271K, capacity 4688K, committed 4736K, reserved 1048576K
}

