# JRE version: Java(TM) SE Runtime Environment (8.0_301-b09) (build 1.8.0_301-b09)
# Java VM: Java HotSpot(TM) 64-Bit Server VM (25.301-b09 mixed mode windows-amd64 compressed oops)
Heap:
 PSYoungGen      total 105984K, used 13019K [0x0000000780b00000, 0x0000000787a00000, 0x00000007c0000000)
  eden space 98304K, 5% used [0x0000000780b00000,0x000000078103b0a0,0x0000000786b00000)
  from space 7680K, 99% used [0x0000000786b00000,0x000000078727bee0,0x0000000787280000)
  to   space 7680K, 0% used [0x0000000787280000,0x0000000787280000,0x0000000787a00000)
 ParOldGen       total 75776K, used 22578K [0x0000000702000000, 0x0000000706a00000, 0x0000000780b00000)
  object space 75776K, 29% used [0x0000000702000000,0x000000070360c8a0,0x0000000706a00000)
 Metaspace       used 48417K, capacity 50982K, committed 51160K, reserved 1093632K
  class space    used 6605K, capacity 7078K, committed 7168K, reserved 1048576K
GC Heap History (10 events):
Event: 3.904 GC heap before
{Heap before GC invocations=7 (full 1):
 PSYoungGen      total 105984K, used 98304K [0x0000000780b00000, 0x0000000787a00000, 0x00000007c0000000)
  eden space 98304K, 100% used [0x0000000780b00000,0x0000000786b00000,0x0000000786b00000)
  from space 7680K, 0% used [0x0000000786b00000,0x0000000786b00000,0x0000000787280000)
  to   space 7680K, 0% used [0x0000000787280000,0x0000000787280000,0x0000000787a00000)
 ParOldGen       total 75776K, used 5641K [0x0000000702000000, 0x0000000706a00000, 0x0000000780b00000)
  object space 75776K, 7% used [0x0000000702000000,0x0000000702582570,0x0000000706a00000)
 Metaspace       used 27751K, capacity 29684K, committed 29952K, reserved 1075200K
  class space    used 3626K, capacity 3985K, committed 4096K, reserved 1048576K
Event: 3.913 GC heap after
Heap after GC invocations=7 (full 1):
 PSYoungGen      total 105984K, used 7669K [0x0000000780b00000, 0x0000000787a00000, 0x00000007c0000000)
  eden space 98304K, 0% used [0x0000000780b00000,0x0000000780b00000,0x0000000786b00000)
  from space 7680K, 99% used [0x0000000787280000,0x00000007879fd4c0,0x0000000787a00000)
  to   space 7680K, 0% used [0x0000000786b00000,0x0000000786b00000,0x0000000787280000)
 ParOldGen       total 75776K, used 8724K [0x0000000702000000, 0x0000000706a00000, 0x0000000780b00000)
  object space 75776K, 11% used [0x0000000702000000,0x0000000702885040,0x0000000706a00000)
 Metaspace       used 27751K, capacity 29684K, committed 29952K, reserved 1075200K
  class space    used 3626K, capacity 3985K, committed 4096K, reserved 1048576K
}
Event: 4.353 GC heap before
{Heap before GC invocations=8 (full 1):
 PSYoungGen      total 105984K, used 105973K [0x0000000780b00000, 0x0000000787a00000, 0x00000007c0000000)
  eden space 98304K, 100% used [0x0000000780b00000,0x0000000786b00000,0x0000000786b00000)
  from space 7680K, 99% used [0x0000000787280000,0x00000007879fd4c0,0x0000000787a00000)
  to   space 7680K, 0% used [0x0000000786b00000,0x0000000786b00000,0x0000000787280000)
 ParOldGen       total 75776K, used 8724K [0x0000000702000000, 0x0000000706a00000, 0x0000000780b00000)
  object space 75776K, 11% used [0x0000000702000000,0x0000000702885040,0x0000000706a00000)
 Metaspace       used 30381K, capacity 32402K, committed 32512K, reserved 1077248K
  class space    used 3907K, capacity 4288K, committed 4352K, reserved 1048576K
Event: 4.368 GC heap after
Heap after GC invocations=8 (full 1):
 PSYoungGen      total 105984K, used 7648K [0x0000000780b00000, 0x0000000787a00000, 0x00000007c0000000)
  eden space 98304K, 0% used [0x0000000780b00000,0x0000000780b00000,0x0000000786b00000)
  from space 7680K, 99% used [0x0000000786b00000,0x0000000787278078,0x0000000787280000)
  to   space 7680K, 0% used [0x0000000787280000,0x0000000787280000,0x0000000787a00000)
 ParOldGen       total 75776K, used 9030K [0x0000000702000000, 0x0000000706a00000, 0x0000000780b00000)
  object space 75776K, 11% used [0x0000000702000000,0x00000007028d19a8,0x0000000706a00000)
 Metaspace       used 30381K, capacity 32402K, committed 32512K, reserved 1077248K
  class space    used 3907K, capacity 4288K, committed 4352K, reserved 1048576K
}
Event: 4.908 GC heap before
{Heap before GC invocations=9 (full 1):
 PSYoungGen      total 105984K, used 40091K [0x0000000780b00000, 0x0000000787a00000, 0x00000007c0000000)
  eden space 98304K, 33% used [0x0000000780b00000,0x0000000782aaec60,0x0000000786b00000)
  from space 7680K, 99% used [0x0000000786b00000,0x0000000787278078,0x0000000787280000)
  to   space 7680K, 0% used [0x0000000787280000,0x0000000787280000,0x0000000787a00000)
 ParOldGen       total 75776K, used 9030K [0x0000000702000000, 0x0000000706a00000, 0x0000000780b00000)
  object space 75776K, 11% used [0x0000000702000000,0x00000007028d19a8,0x0000000706a00000)
 Metaspace       used 33236K, capacity 35356K, committed 35416K, reserved 1079296K
  class space    used 4279K, capacity 4689K, committed 4736K, reserved 1048576K
Event: 4.918 GC heap after
Heap after GC invocations=9 (full 1):
 PSYoungGen      total 105984K, used 7649K [0x0000000780b00000, 0x0000000787a00000, 0x00000007c0000000)
  eden space 98304K, 0% used [0x0000000780b00000,0x0000000780b00000,0x0000000786b00000)
  from space 7680K, 99% used [0x0000000787280000,0x00000007879f8518,0x0000000787a00000)
  to   space 7680K, 0% used [0x0000000786b00000,0x0000000786b00000,0x0000000787280000)
 ParOldGen       total 75776K, used 11216K [0x0000000702000000, 0x0000000706a00000, 0x0000000780b00000)
  object space 75776K, 14% used [0x0000000702000000,0x0000000702af4360,0x0000000706a00000)
 Metaspace       used 33236K, capacity 35356K, committed 35416K, reserved 1079296K
  class space    used 4279K, capacity 4689K, committed 4736K, reserved 1048576K
}
Event: 4.918 GC heap before
{Heap before GC invocations=10 (full 2):
 PSYoungGen      total 105984K, used 7649K [0x0000000780b00000, 0x0000000787a00000, 0x00000007c0000000)
  eden space 98304K, 0% used [0x0000000780b00000,0x0000000780b00000,0x0000000786b00000)
  from space 7680K, 99% used [0x0000000787280000,0x00000007879f8518,0x0000000787a00000)
  to   space 7680K, 0% used [0x0000000786b00000,0x0000000786b00000,0x0000000787280000)
 ParOldGen       total 75776K, used 11216K [0x0000000702000000, 0x0000000706a00000, 0x0000000780b00000)
  object space 75776K, 14% used [0x0000000702000000,0x0000000702af4360,0x0000000706a00000)
 Metaspace       used 33236K, capacity 35356K, committed 35416K, reserved 1079296K
  class space    used 4279K, capacity 4689K, committed 4736K, reserved 1048576K
Event: 4.981 GC heap after
Heap after GC invocations=10 (full 2):
 PSYoungGen      total 105984K, used 0K [0x0000000780b00000, 0x0000000787a00000, 0x00000007c0000000)
  eden space 98304K, 0% used [0x0000000780b00000,0x0000000780b00000,0x0000000786b00000)
  from space 7680K, 0% used [0x0000000787280000,0x0000000787280000,0x0000000787a00000)
  to   space 7680K, 0% used [0x0000000786b00000,0x0000000786b00000,0x0000000787280000)
 ParOldGen       total 75776K, used 14262K [0x0000000702000000, 0x0000000706a00000, 0x0000000780b00000)
  object space 75776K, 18% used [0x0000000702000000,0x0000000702ded930,0x0000000706a00000)
 Metaspace       used 33236K, capacity 35356K, committed 35416K, reserved 1079296K
  class space    used 4279K, capacity 4689K, committed 4736K, reserved 1048576K
}
Event: 6.517 GC heap before
{Heap before GC invocations=11 (full 2):
 PSYoungGen      total 105984K, used 98304K [0x0000000780b00000, 0x0000000787a00000, 0x00000007c0000000)
  eden space 98304K, 100% used [0x0000000780b00000,0x0000000786b00000,0x0000000786b00000)
  from space 7680K, 0% used [0x0000000787280000,0x0000000787280000,0x0000000787a00000)
  to   space 7680K, 0% used [0x0000000786b00000,0x0000000786b00000,0x0000000787280000)
 ParOldGen       total 75776K, used 14262K [0x0000000702000000, 0x0000000706a00000, 0x0000000780b00000)
  object space 75776K, 18% used [0x0000000702000000,0x0000000702ded930,0x0000000706a00000)
 Metaspace       used 47700K, capacity 50214K, committed 50520K, reserved 1093632K
  class space    used 6518K, capacity 6975K, committed 7040K, reserved 1048576K
Event: 6.530 GC heap after
Heap after GC invocations=11 (full 2):
 PSYoungGen      total 105984K, used 7663K [0x0000000780b00000, 0x0000000787a00000, 0x00000007c0000000)
  eden space 98304K, 0% used [0x0000000780b00000,0x0000000780b00000,0x0000000786b00000)
  from space 7680K, 99% used [0x0000000786b00000,0x000000078727bee0,0x0000000787280000)
  to   space 7680K, 0% used [0x0000000787280000,0x0000000787280000,0x0000000787a00000)
 ParOldGen       total 75776K, used 22578K [0x0000000702000000, 0x0000000706a00000, 0x0000000780b00000)
  object space 75776K, 29% used [0x0000000702000000,0x000000070360c8a0,0x0000000706a00000)
 Metaspace       used 47700K, capacity 50214K, committed 50520K, reserved 1093632K
  class space    used 6518K, capacity 6975K, committed 7040K, reserved 1048576K
}

