# JRE version: Java(TM) SE Runtime Environment (8.0_301-b09) (build 1.8.0_301-b09)
# Java VM: Java HotSpot(TM) 64-Bit Server VM (25.301-b09 mixed mode windows-amd64 compressed oops)
Heap:
 PSYoungGen      total 205312K, used 94446K [0x0000000780b00000, 0x0000000791e00000, 0x00000007c0000000)
  eden space 193536K, 48% used [0x0000000780b00000,0x000000078673ba40,0x000000078c800000)
  from space 11776K, 0% used [0x000000078c800000,0x000000078c800000,0x000000078d380000)
  to   space 13824K, 0% used [0x0000000791080000,0x0000000791080000,0x0000000791e00000)
 ParOldGen       total 111616K, used 15918K [0x0000000702000000, 0x0000000708d00000, 0x0000000780b00000)
  object space 111616K, 14% used [0x0000000702000000,0x0000000702f8b878,0x0000000708d00000)
 Metaspace       used 46601K, capacity 49132K, committed 49368K, reserved 1091584K
  class space    used 6390K, capacity 6844K, committed 6912K, reserved 1048576K
GC Heap History (10 events):
Event: 1.535 GC heap before
{Heap before GC invocations=5 (full 0):
 PSYoungGen      total 105984K, used 13753K [0x0000000780b00000, 0x0000000787a00000, 0x00000007c0000000)
  eden space 98304K, 8% used [0x0000000780b00000,0x00000007812e8410,0x0000000786b00000)
  from space 7680K, 73% used [0x0000000787280000,0x0000000787806300,0x0000000787a00000)
  to   space 7680K, 0% used [0x0000000786b00000,0x0000000786b00000,0x0000000787280000)
 ParOldGen       total 130048K, used 2298K [0x0000000702000000, 0x0000000709f00000, 0x0000000780b00000)
  object space 130048K, 1% used [0x0000000702000000,0x000000070223e908,0x0000000709f00000)
 Metaspace       used 20195K, capacity 21128K, committed 21248K, reserved 1067008K
  class space    used 2529K, capacity 2731K, committed 2816K, reserved 1048576K
Event: 1.543 GC heap after
Heap after GC invocations=5 (full 0):
 PSYoungGen      total 105984K, used 5784K [0x0000000780b00000, 0x000000078df00000, 0x00000007c0000000)
  eden space 98304K, 0% used [0x0000000780b00000,0x0000000780b00000,0x0000000786b00000)
  from space 7680K, 75% used [0x0000000786b00000,0x00000007870a6350,0x0000000787280000)
  to   space 10240K, 0% used [0x000000078d500000,0x000000078d500000,0x000000078df00000)
 ParOldGen       total 130048K, used 2306K [0x0000000702000000, 0x0000000709f00000, 0x0000000780b00000)
  object space 130048K, 1% used [0x0000000702000000,0x0000000702240908,0x0000000709f00000)
 Metaspace       used 20195K, capacity 21128K, committed 21248K, reserved 1067008K
  class space    used 2529K, capacity 2731K, committed 2816K, reserved 1048576K
}
Event: 1.543 GC heap before
{Heap before GC invocations=6 (full 1):
 PSYoungGen      total 105984K, used 5784K [0x0000000780b00000, 0x000000078df00000, 0x00000007c0000000)
  eden space 98304K, 0% used [0x0000000780b00000,0x0000000780b00000,0x0000000786b00000)
  from space 7680K, 75% used [0x0000000786b00000,0x00000007870a6350,0x0000000787280000)
  to   space 10240K, 0% used [0x000000078d500000,0x000000078d500000,0x000000078df00000)
 ParOldGen       total 130048K, used 2306K [0x0000000702000000, 0x0000000709f00000, 0x0000000780b00000)
  object space 130048K, 1% used [0x0000000702000000,0x0000000702240908,0x0000000709f00000)
 Metaspace       used 20195K, capacity 21128K, committed 21248K, reserved 1067008K
  class space    used 2529K, capacity 2731K, committed 2816K, reserved 1048576K
Event: 1.574 GC heap after
Heap after GC invocations=6 (full 1):
 PSYoungGen      total 105984K, used 0K [0x0000000780b00000, 0x000000078df00000, 0x00000007c0000000)
  eden space 98304K, 0% used [0x0000000780b00000,0x0000000780b00000,0x0000000786b00000)
  from space 7680K, 0% used [0x0000000786b00000,0x0000000786b00000,0x0000000787280000)
  to   space 10240K, 0% used [0x000000078d500000,0x000000078d500000,0x000000078df00000)
 ParOldGen       total 73216K, used 5650K [0x0000000702000000, 0x0000000706780000, 0x0000000780b00000)
  object space 73216K, 7% used [0x0000000702000000,0x0000000702584bf8,0x0000000706780000)
 Metaspace       used 20195K, capacity 21128K, committed 21248K, reserved 1067008K
  class space    used 2529K, capacity 2731K, committed 2816K, reserved 1048576K
}
Event: 3.177 GC heap before
{Heap before GC invocations=7 (full 1):
 PSYoungGen      total 105984K, used 98304K [0x0000000780b00000, 0x000000078df00000, 0x00000007c0000000)
  eden space 98304K, 100% used [0x0000000780b00000,0x0000000786b00000,0x0000000786b00000)
  from space 7680K, 0% used [0x0000000786b00000,0x0000000786b00000,0x0000000787280000)
  to   space 10240K, 0% used [0x000000078d500000,0x000000078d500000,0x000000078df00000)
 ParOldGen       total 73216K, used 5650K [0x0000000702000000, 0x0000000706780000, 0x0000000780b00000)
  object space 73216K, 7% used [0x0000000702000000,0x0000000702584bf8,0x0000000706780000)
 Metaspace       used 27562K, capacity 29520K, committed 29568K, reserved 1075200K
  class space    used 3605K, capacity 3953K, committed 3968K, reserved 1048576K
Event: 3.189 GC heap after
Heap after GC invocations=7 (full 1):
 PSYoungGen      total 169984K, used 10215K [0x0000000780b00000, 0x000000078df00000, 0x00000007c0000000)
  eden space 159744K, 0% used [0x0000000780b00000,0x0000000780b00000,0x000000078a700000)
  from space 10240K, 99% used [0x000000078d500000,0x000000078def9e50,0x000000078df00000)
  to   space 11776K, 0% used [0x000000078c800000,0x000000078c800000,0x000000078d380000)
 ParOldGen       total 73216K, used 5951K [0x0000000702000000, 0x0000000706780000, 0x0000000780b00000)
  object space 73216K, 8% used [0x0000000702000000,0x00000007025cff68,0x0000000706780000)
 Metaspace       used 27562K, capacity 29520K, committed 29568K, reserved 1075200K
  class space    used 3605K, capacity 3953K, committed 3968K, reserved 1048576K
}
Event: 4.063 GC heap before
{Heap before GC invocations=8 (full 1):
 PSYoungGen      total 169984K, used 142893K [0x0000000780b00000, 0x000000078df00000, 0x00000007c0000000)
  eden space 159744K, 83% used [0x0000000780b00000,0x0000000788c91958,0x000000078a700000)
  from space 10240K, 99% used [0x000000078d500000,0x000000078def9e50,0x000000078df00000)
  to   space 11776K, 0% used [0x000000078c800000,0x000000078c800000,0x000000078d380000)
 ParOldGen       total 73216K, used 5951K [0x0000000702000000, 0x0000000706780000, 0x0000000780b00000)
  object space 73216K, 8% used [0x0000000702000000,0x00000007025cff68,0x0000000706780000)
 Metaspace       used 33235K, capacity 35356K, committed 35416K, reserved 1079296K
  class space    used 4277K, capacity 4689K, committed 4736K, reserved 1048576K
Event: 4.077 GC heap after
Heap after GC invocations=8 (full 1):
 PSYoungGen      total 205312K, used 11698K [0x0000000780b00000, 0x0000000791e00000, 0x00000007c0000000)
  eden space 193536K, 0% used [0x0000000780b00000,0x0000000780b00000,0x000000078c800000)
  from space 11776K, 99% used [0x000000078c800000,0x000000078d36ca10,0x000000078d380000)
  to   space 13824K, 0% used [0x0000000791080000,0x0000000791080000,0x0000000791e00000)
 ParOldGen       total 73216K, used 5959K [0x0000000702000000, 0x0000000706780000, 0x0000000780b00000)
  object space 73216K, 8% used [0x0000000702000000,0x00000007025d1f68,0x0000000706780000)
 Metaspace       used 33235K, capacity 35356K, committed 35416K, reserved 1079296K
  class space    used 4277K, capacity 4689K, committed 4736K, reserved 1048576K
}
Event: 4.077 GC heap before
{Heap before GC invocations=9 (full 2):
 PSYoungGen      total 205312K, used 11698K [0x0000000780b00000, 0x0000000791e00000, 0x00000007c0000000)
  eden space 193536K, 0% used [0x0000000780b00000,0x0000000780b00000,0x000000078c800000)
  from space 11776K, 99% used [0x000000078c800000,0x000000078d36ca10,0x000000078d380000)
  to   space 13824K, 0% used [0x0000000791080000,0x0000000791080000,0x0000000791e00000)
 ParOldGen       total 73216K, used 5959K [0x0000000702000000, 0x0000000706780000, 0x0000000780b00000)
  object space 73216K, 8% used [0x0000000702000000,0x00000007025d1f68,0x0000000706780000)
 Metaspace       used 33235K, capacity 35356K, committed 35416K, reserved 1079296K
  class space    used 4277K, capacity 4689K, committed 4736K, reserved 1048576K
Event: 4.130 GC heap after
Heap after GC invocations=9 (full 2):
 PSYoungGen      total 205312K, used 0K [0x0000000780b00000, 0x0000000791e00000, 0x00000007c0000000)
  eden space 193536K, 0% used [0x0000000780b00000,0x0000000780b00000,0x000000078c800000)
  from space 11776K, 0% used [0x000000078c800000,0x000000078c800000,0x000000078d380000)
  to   space 13824K, 0% used [0x0000000791080000,0x0000000791080000,0x0000000791e00000)
 ParOldGen       total 111616K, used 15918K [0x0000000702000000, 0x0000000708d00000, 0x0000000780b00000)
  object space 111616K, 14% used [0x0000000702000000,0x0000000702f8b878,0x0000000708d00000)
 Metaspace       used 33235K, capacity 35356K, committed 35416K, reserved 1079296K
  class space    used 4277K, capacity 4689K, committed 4736K, reserved 1048576K
}

