# JRE version: Java(TM) SE Runtime Environment (8.0_301-b09) (build 1.8.0_301-b09)
# Java VM: Java HotSpot(TM) 64-Bit Server VM (25.301-b09 mixed mode windows-amd64 compressed oops)
Heap:
 PSYoungGen      total 330752K, used 14035K [0x0000000780b00000, 0x0000000796900000, 0x00000007c0000000)
  eden space 318976K, 4% used [0x0000000780b00000,0x00000007818b4c90,0x0000000794280000)
  from space 11776K, 0% used [0x0000000795d80000,0x0000000795d80000,0x0000000796900000)
  to   space 18944K, 0% used [0x0000000794400000,0x0000000794400000,0x0000000795680000)
 ParOldGen       total 156672K, used 29130K [0x0000000702000000, 0x000000070b900000, 0x0000000780b00000)
  object space 156672K, 18% used [0x0000000702000000,0x0000000703c728b8,0x000000070b900000)
 Metaspace       used 64866K, capacity 68940K, committed 69208K, reserved 1110016K
  class space    used 8832K, capacity 9541K, committed 9600K, reserved 1048576K
GC Heap History (10 events):
Event: 7.679 GC heap before
{Heap before GC invocations=10 (full 2):
 PSYoungGen      total 205312K, used 194560K [0x0000000780b00000, 0x0000000791900000, 0x00000007c0000000)
  eden space 194560K, 100% used [0x0000000780b00000,0x000000078c900000,0x000000078c900000)
  from space 10752K, 0% used [0x000000078c900000,0x000000078c900000,0x000000078d380000)
  to   space 13312K, 0% used [0x0000000790c00000,0x0000000790c00000,0x0000000791900000)
 ParOldGen       total 119296K, used 17368K [0x0000000702000000, 0x0000000709480000, 0x0000000780b00000)
  object space 119296K, 14% used [0x0000000702000000,0x00000007030f63c8,0x0000000709480000)
 Metaspace       used 54906K, capacity 58250K, committed 58368K, reserved 1099776K
  class space    used 7512K, capacity 8078K, committed 8192K, reserved 1048576K
Event: 7.704 GC heap after
Heap after GC invocations=10 (full 2):
 PSYoungGen      total 256512K, used 13308K [0x0000000780b00000, 0x0000000794700000, 0x00000007c0000000)
  eden space 243200K, 0% used [0x0000000780b00000,0x0000000780b00000,0x000000078f880000)
  from space 13312K, 99% used [0x0000000790c00000,0x00000007918ff2f8,0x0000000791900000)
  to   space 19968K, 0% used [0x000000078f880000,0x000000078f880000,0x0000000790c00000)
 ParOldGen       total 119296K, used 28037K [0x0000000702000000, 0x0000000709480000, 0x0000000780b00000)
  object space 119296K, 23% used [0x0000000702000000,0x0000000703b61410,0x0000000709480000)
 Metaspace       used 54906K, capacity 58250K, committed 58368K, reserved 1099776K
  class space    used 7512K, capacity 8078K, committed 8192K, reserved 1048576K
}
Event: 7.851 GC heap before
{Heap before GC invocations=11 (full 2):
 PSYoungGen      total 256512K, used 37110K [0x0000000780b00000, 0x0000000794700000, 0x00000007c0000000)
  eden space 243200K, 9% used [0x0000000780b00000,0x000000078223e6c0,0x000000078f880000)
  from space 13312K, 99% used [0x0000000790c00000,0x00000007918ff2f8,0x0000000791900000)
  to   space 19968K, 0% used [0x000000078f880000,0x000000078f880000,0x0000000790c00000)
 ParOldGen       total 119296K, used 28037K [0x0000000702000000, 0x0000000709480000, 0x0000000780b00000)
  object space 119296K, 23% used [0x0000000702000000,0x0000000703b61410,0x0000000709480000)
 Metaspace       used 55638K, capacity 58972K, committed 59096K, reserved 1099776K
  class space    used 7617K, capacity 8185K, committed 8192K, reserved 1048576K
Event: 7.862 GC heap after
Heap after GC invocations=11 (full 2):
 PSYoungGen      total 263168K, used 8971K [0x0000000780b00000, 0x0000000797000000, 0x00000007c0000000)
  eden space 243200K, 0% used [0x0000000780b00000,0x0000000780b00000,0x000000078f880000)
  from space 19968K, 44% used [0x000000078f880000,0x0000000790142f68,0x0000000790c00000)
  to   space 18944K, 0% used [0x0000000795d80000,0x0000000795d80000,0x0000000797000000)
 ParOldGen       total 119296K, used 28037K [0x0000000702000000, 0x0000000709480000, 0x0000000780b00000)
  object space 119296K, 23% used [0x0000000702000000,0x0000000703b61410,0x0000000709480000)
 Metaspace       used 55638K, capacity 58972K, committed 59096K, reserved 1099776K
  class space    used 7617K, capacity 8185K, committed 8192K, reserved 1048576K
}
Event: 7.862 GC heap before
{Heap before GC invocations=12 (full 3):
 PSYoungGen      total 263168K, used 8971K [0x0000000780b00000, 0x0000000797000000, 0x00000007c0000000)
  eden space 243200K, 0% used [0x0000000780b00000,0x0000000780b00000,0x000000078f880000)
  from space 19968K, 44% used [0x000000078f880000,0x0000000790142f68,0x0000000790c00000)
  to   space 18944K, 0% used [0x0000000795d80000,0x0000000795d80000,0x0000000797000000)
 ParOldGen       total 119296K, used 28037K [0x0000000702000000, 0x0000000709480000, 0x0000000780b00000)
  object space 119296K, 23% used [0x0000000702000000,0x0000000703b61410,0x0000000709480000)
 Metaspace       used 55638K, capacity 58972K, committed 59096K, reserved 1099776K
  class space    used 7617K, capacity 8185K, committed 8192K, reserved 1048576K
Event: 8.003 GC heap after
Heap after GC invocations=12 (full 3):
 PSYoungGen      total 263168K, used 0K [0x0000000780b00000, 0x0000000797000000, 0x00000007c0000000)
  eden space 243200K, 0% used [0x0000000780b00000,0x0000000780b00000,0x000000078f880000)
  from space 19968K, 0% used [0x000000078f880000,0x000000078f880000,0x0000000790c00000)
  to   space 18944K, 0% used [0x0000000795d80000,0x0000000795d80000,0x0000000797000000)
 ParOldGen       total 156672K, used 21466K [0x0000000702000000, 0x000000070b900000, 0x0000000780b00000)
  object space 156672K, 13% used [0x0000000702000000,0x00000007034f68d8,0x000000070b900000)
 Metaspace       used 55623K, capacity 58948K, committed 59096K, reserved 1099776K
  class space    used 7615K, capacity 8181K, committed 8192K, reserved 1048576K
}
Event: 340.704 GC heap before
{Heap before GC invocations=13 (full 3):
 PSYoungGen      total 263168K, used 173752K [0x0000000780b00000, 0x0000000797000000, 0x00000007c0000000)
  eden space 243200K, 71% used [0x0000000780b00000,0x000000078b4ae1a8,0x000000078f880000)
  from space 19968K, 0% used [0x000000078f880000,0x000000078f880000,0x0000000790c00000)
  to   space 18944K, 0% used [0x0000000795d80000,0x0000000795d80000,0x0000000797000000)
 ParOldGen       total 156672K, used 21466K [0x0000000702000000, 0x000000070b900000, 0x0000000780b00000)
  object space 156672K, 13% used [0x0000000702000000,0x00000007034f68d8,0x000000070b900000)
 Metaspace       used 64846K, capacity 68944K, committed 69208K, reserved 1110016K
  class space    used 8832K, capacity 9542K, committed 9600K, reserved 1048576K
Event: 340.742 GC heap after
Heap after GC invocations=13 (full 3):
 PSYoungGen      total 330752K, used 11663K [0x0000000780b00000, 0x0000000796900000, 0x00000007c0000000)
  eden space 318976K, 0% used [0x0000000780b00000,0x0000000780b00000,0x0000000794280000)
  from space 11776K, 99% used [0x0000000795d80000,0x00000007968e3db0,0x0000000796900000)
  to   space 18944K, 0% used [0x0000000794400000,0x0000000794400000,0x0000000795680000)
 ParOldGen       total 156672K, used 21474K [0x0000000702000000, 0x000000070b900000, 0x0000000780b00000)
  object space 156672K, 13% used [0x0000000702000000,0x00000007034f88d8,0x000000070b900000)
 Metaspace       used 64846K, capacity 68944K, committed 69208K, reserved 1110016K
  class space    used 8832K, capacity 9542K, committed 9600K, reserved 1048576K
}
Event: 340.742 GC heap before
{Heap before GC invocations=14 (full 4):
 PSYoungGen      total 330752K, used 11663K [0x0000000780b00000, 0x0000000796900000, 0x00000007c0000000)
  eden space 318976K, 0% used [0x0000000780b00000,0x0000000780b00000,0x0000000794280000)
  from space 11776K, 99% used [0x0000000795d80000,0x00000007968e3db0,0x0000000796900000)
  to   space 18944K, 0% used [0x0000000794400000,0x0000000794400000,0x0000000795680000)
 ParOldGen       total 156672K, used 21474K [0x0000000702000000, 0x000000070b900000, 0x0000000780b00000)
  object space 156672K, 13% used [0x0000000702000000,0x00000007034f88d8,0x000000070b900000)
 Metaspace       used 64846K, capacity 68944K, committed 69208K, reserved 1110016K
  class space    used 8832K, capacity 9542K, committed 9600K, reserved 1048576K
Event: 341.208 GC heap after
Heap after GC invocations=14 (full 4):
 PSYoungGen      total 330752K, used 0K [0x0000000780b00000, 0x0000000796900000, 0x00000007c0000000)
  eden space 318976K, 0% used [0x0000000780b00000,0x0000000780b00000,0x0000000794280000)
  from space 11776K, 0% used [0x0000000795d80000,0x0000000795d80000,0x0000000796900000)
  to   space 18944K, 0% used [0x0000000794400000,0x0000000794400000,0x0000000795680000)
 ParOldGen       total 156672K, used 29130K [0x0000000702000000, 0x000000070b900000, 0x0000000780b00000)
  object space 156672K, 18% used [0x0000000702000000,0x0000000703c728b8,0x000000070b900000)
 Metaspace       used 64841K, capacity 68930K, committed 69208K, reserved 1110016K
  class space    used 8830K, capacity 9539K, committed 9600K, reserved 1048576K
}

