# JRE version: Java(TM) SE Runtime Environment (8.0_301-b09) (build 1.8.0_301-b09)
# Java VM: Java HotSpot(TM) 64-Bit Server VM (25.301-b09 mixed mode windows-amd64 compressed oops)
Heap:
 PSYoungGen      total 149504K, used 129894K [0x0000000780b00000, 0x000000078b980000, 0x00000007c0000000)
  eden space 138240K, 93% used [0x0000000780b00000,0x00000007889d9988,0x0000000789200000)
  from space 11264K, 0% used [0x0000000789e00000,0x0000000789e00000,0x000000078a900000)
  to   space 12288K, 0% used [0x0000000789200000,0x0000000789200000,0x0000000789e00000)
 ParOldGen       total 109056K, used 14798K [0x0000000702000000, 0x0000000708a80000, 0x0000000780b00000)
  object space 109056K, 13% used [0x0000000702000000,0x0000000702e73930,0x0000000708a80000)
 Metaspace       used 51020K, capacity 54096K, committed 54360K, reserved 1095680K
  class space    used 6958K, capacity 7535K, committed 7552K, reserved 1048576K
GC Heap History (10 events):
Event: 3.540 GC heap before
{Heap before GC invocations=6 (full 1):
 PSYoungGen      total 56832K, used 5715K [0x0000000780b00000, 0x0000000787f00000, 0x00000007c0000000)
  eden space 49152K, 0% used [0x0000000780b00000,0x0000000780b00000,0x0000000783b00000)
  from space 7680K, 74% used [0x0000000783b00000,0x0000000784094d38,0x0000000784280000)
  to   space 10240K, 0% used [0x0000000787500000,0x0000000787500000,0x0000000787f00000)
 ParOldGen       total 130048K, used 2319K [0x0000000702000000, 0x0000000709f00000, 0x0000000780b00000)
  object space 130048K, 1% used [0x0000000702000000,0x0000000702243cb0,0x0000000709f00000)
 Metaspace       used 20234K, capacity 21168K, committed 21248K, reserved 1067008K
  class space    used 2538K, capacity 2763K, committed 2816K, reserved 1048576K
Event: 3.575 GC heap after
Heap after GC invocations=6 (full 1):
 PSYoungGen      total 56832K, used 0K [0x0000000780b00000, 0x0000000787f00000, 0x00000007c0000000)
  eden space 49152K, 0% used [0x0000000780b00000,0x0000000780b00000,0x0000000783b00000)
  from space 7680K, 0% used [0x0000000783b00000,0x0000000783b00000,0x0000000784280000)
  to   space 10240K, 0% used [0x0000000787500000,0x0000000787500000,0x0000000787f00000)
 ParOldGen       total 71168K, used 5606K [0x0000000702000000, 0x0000000706580000, 0x0000000780b00000)
  object space 71168K, 7% used [0x0000000702000000,0x0000000702579998,0x0000000706580000)
 Metaspace       used 20234K, capacity 21168K, committed 21248K, reserved 1067008K
  class space    used 2538K, capacity 2763K, committed 2816K, reserved 1048576K
}
Event: 4.324 GC heap before
{Heap before GC invocations=7 (full 1):
 PSYoungGen      total 56832K, used 49152K [0x0000000780b00000, 0x0000000787f00000, 0x00000007c0000000)
  eden space 49152K, 100% used [0x0000000780b00000,0x0000000783b00000,0x0000000783b00000)
  from space 7680K, 0% used [0x0000000783b00000,0x0000000783b00000,0x0000000784280000)
  to   space 10240K, 0% used [0x0000000787500000,0x0000000787500000,0x0000000787f00000)
 ParOldGen       total 71168K, used 5606K [0x0000000702000000, 0x0000000706580000, 0x0000000780b00000)
  object space 71168K, 7% used [0x0000000702000000,0x0000000702579998,0x0000000706580000)
 Metaspace       used 22946K, capacity 24186K, committed 24448K, reserved 1071104K
  class space    used 2909K, capacity 3163K, committed 3200K, reserved 1048576K
Event: 4.340 GC heap after
Heap after GC invocations=7 (full 1):
 PSYoungGen      total 89088K, used 4909K [0x0000000780b00000, 0x0000000787a00000, 0x00000007c0000000)
  eden space 83968K, 0% used [0x0000000780b00000,0x0000000780b00000,0x0000000785d00000)
  from space 5120K, 95% used [0x0000000787500000,0x00000007879cb648,0x0000000787a00000)
  to   space 9728K, 0% used [0x0000000786700000,0x0000000786700000,0x0000000787080000)
 ParOldGen       total 71168K, used 5614K [0x0000000702000000, 0x0000000706580000, 0x0000000780b00000)
  object space 71168K, 7% used [0x0000000702000000,0x000000070257b998,0x0000000706580000)
 Metaspace       used 22946K, capacity 24186K, committed 24448K, reserved 1071104K
  class space    used 2909K, capacity 3163K, committed 3200K, reserved 1048576K
}
Event: 6.366 GC heap before
{Heap before GC invocations=8 (full 1):
 PSYoungGen      total 89088K, used 88862K [0x0000000780b00000, 0x0000000787a00000, 0x00000007c0000000)
  eden space 83968K, 99% used [0x0000000780b00000,0x0000000785cfc348,0x0000000785d00000)
  from space 5120K, 95% used [0x0000000787500000,0x00000007879cb648,0x0000000787a00000)
  to   space 9728K, 0% used [0x0000000786700000,0x0000000786700000,0x0000000787080000)
 ParOldGen       total 71168K, used 5614K [0x0000000702000000, 0x0000000706580000, 0x0000000780b00000)
  object space 71168K, 7% used [0x0000000702000000,0x000000070257b998,0x0000000706580000)
 Metaspace       used 29678K, capacity 31736K, committed 31872K, reserved 1077248K
  class space    used 3835K, capacity 4217K, committed 4224K, reserved 1048576K
Event: 6.378 GC heap after
Heap after GC invocations=8 (full 1):
 PSYoungGen      total 103936K, used 9701K [0x0000000780b00000, 0x000000078a900000, 0x00000007c0000000)
  eden space 94208K, 0% used [0x0000000780b00000,0x0000000780b00000,0x0000000786700000)
  from space 9728K, 99% used [0x0000000786700000,0x00000007870795a0,0x0000000787080000)
  to   space 11264K, 0% used [0x0000000789e00000,0x0000000789e00000,0x000000078a900000)
 ParOldGen       total 71168K, used 5622K [0x0000000702000000, 0x0000000706580000, 0x0000000780b00000)
  object space 71168K, 7% used [0x0000000702000000,0x000000070257d998,0x0000000706580000)
 Metaspace       used 29678K, capacity 31736K, committed 31872K, reserved 1077248K
  class space    used 3835K, capacity 4217K, committed 4224K, reserved 1048576K
}
Event: 7.283 GC heap before
{Heap before GC invocations=9 (full 1):
 PSYoungGen      total 103936K, used 103909K [0x0000000780b00000, 0x000000078a900000, 0x00000007c0000000)
  eden space 94208K, 100% used [0x0000000780b00000,0x0000000786700000,0x0000000786700000)
  from space 9728K, 99% used [0x0000000786700000,0x00000007870795a0,0x0000000787080000)
  to   space 11264K, 0% used [0x0000000789e00000,0x0000000789e00000,0x000000078a900000)
 ParOldGen       total 71168K, used 5622K [0x0000000702000000, 0x0000000706580000, 0x0000000780b00000)
  object space 71168K, 7% used [0x0000000702000000,0x000000070257d998,0x0000000706580000)
 Metaspace       used 33198K, capacity 35362K, committed 35416K, reserved 1079296K
  class space    used 4270K, capacity 4688K, committed 4736K, reserved 1048576K
Event: 7.294 GC heap after
Heap after GC invocations=9 (full 1):
 PSYoungGen      total 149504K, used 10584K [0x0000000780b00000, 0x000000078b980000, 0x00000007c0000000)
  eden space 138240K, 0% used [0x0000000780b00000,0x0000000780b00000,0x0000000789200000)
  from space 11264K, 93% used [0x0000000789e00000,0x000000078a8560e8,0x000000078a900000)
  to   space 12288K, 0% used [0x0000000789200000,0x0000000789200000,0x0000000789e00000)
 ParOldGen       total 71168K, used 5630K [0x0000000702000000, 0x0000000706580000, 0x0000000780b00000)
  object space 71168K, 7% used [0x0000000702000000,0x000000070257f998,0x0000000706580000)
 Metaspace       used 33198K, capacity 35362K, committed 35416K, reserved 1079296K
  class space    used 4270K, capacity 4688K, committed 4736K, reserved 1048576K
}
Event: 7.294 GC heap before
{Heap before GC invocations=10 (full 2):
 PSYoungGen      total 149504K, used 10584K [0x0000000780b00000, 0x000000078b980000, 0x00000007c0000000)
  eden space 138240K, 0% used [0x0000000780b00000,0x0000000780b00000,0x0000000789200000)
  from space 11264K, 93% used [0x0000000789e00000,0x000000078a8560e8,0x000000078a900000)
  to   space 12288K, 0% used [0x0000000789200000,0x0000000789200000,0x0000000789e00000)
 ParOldGen       total 71168K, used 5630K [0x0000000702000000, 0x0000000706580000, 0x0000000780b00000)
  object space 71168K, 7% used [0x0000000702000000,0x000000070257f998,0x0000000706580000)
 Metaspace       used 33198K, capacity 35362K, committed 35416K, reserved 1079296K
  class space    used 4270K, capacity 4688K, committed 4736K, reserved 1048576K
Event: 7.363 GC heap after
Heap after GC invocations=10 (full 2):
 PSYoungGen      total 149504K, used 0K [0x0000000780b00000, 0x000000078b980000, 0x00000007c0000000)
  eden space 138240K, 0% used [0x0000000780b00000,0x0000000780b00000,0x0000000789200000)
  from space 11264K, 0% used [0x0000000789e00000,0x0000000789e00000,0x000000078a900000)
  to   space 12288K, 0% used [0x0000000789200000,0x0000000789200000,0x0000000789e00000)
 ParOldGen       total 109056K, used 14798K [0x0000000702000000, 0x0000000708a80000, 0x0000000780b00000)
  object space 109056K, 13% used [0x0000000702000000,0x0000000702e73930,0x0000000708a80000)
 Metaspace       used 33198K, capacity 35362K, committed 35416K, reserved 1079296K
  class space    used 4270K, capacity 4688K, committed 4736K, reserved 1048576K
}

