# JRE version: Java(TM) SE Runtime Environment (8.0_301-b09) (build 1.8.0_301-b09)
# Java VM: Java HotSpot(TM) 64-Bit Server VM (25.301-b09 mixed mode windows-amd64 compressed oops)
Heap:
 PSYoungGen      total 169984K, used 127575K [0x0000000780b00000, 0x000000078de00000, 0x00000007c0000000)
  eden space 159232K, 80% used [0x0000000780b00000,0x0000000788795ed0,0x000000078a680000)
  from space 10752K, 0% used [0x000000078c900000,0x000000078c900000,0x000000078d380000)
  to   space 9728K, 0% used [0x000000078d480000,0x000000078d480000,0x000000078de00000)
 ParOldGen       total 113664K, used 17420K [0x0000000702000000, 0x0000000708f00000, 0x0000000780b00000)
  object space 113664K, 15% used [0x0000000702000000,0x0000000703103308,0x0000000708f00000)
 Metaspace       used 51530K, capacity 54100K, committed 54360K, reserved 1095680K
  class space    used 7038K, capacity 7519K, committed 7552K, reserved 1048576K
GC Heap History (10 events):
Event: 1.773 GC heap before
{Heap before GC invocations=5 (full 0):
 PSYoungGen      total 105984K, used 20927K [0x0000000780b00000, 0x0000000787a00000, 0x00000007c0000000)
  eden space 98304K, 14% used [0x0000000780b00000,0x0000000781956b10,0x0000000786b00000)
  from space 7680K, 81% used [0x0000000787280000,0x00000007878992f0,0x0000000787a00000)
  to   space 7680K, 0% used [0x0000000786b00000,0x0000000786b00000,0x0000000787280000)
 ParOldGen       total 130048K, used 1712K [0x0000000702000000, 0x0000000709f00000, 0x0000000780b00000)
  object space 130048K, 1% used [0x0000000702000000,0x00000007021ac1b8,0x0000000709f00000)
 Metaspace       used 20192K, capacity 21106K, committed 21248K, reserved 1067008K
  class space    used 2521K, capacity 2720K, committed 2816K, reserved 1048576K
Event: 1.784 GC heap after
Heap after GC invocations=5 (full 0):
 PSYoungGen      total 105984K, used 5912K [0x0000000780b00000, 0x000000078de00000, 0x00000007c0000000)
  eden space 98304K, 0% used [0x0000000780b00000,0x0000000780b00000,0x0000000786b00000)
  from space 7680K, 76% used [0x0000000786b00000,0x00000007870c6398,0x0000000787280000)
  to   space 9728K, 0% used [0x000000078d480000,0x000000078d480000,0x000000078de00000)
 ParOldGen       total 130048K, used 1720K [0x0000000702000000, 0x0000000709f00000, 0x0000000780b00000)
  object space 130048K, 1% used [0x0000000702000000,0x00000007021ae1b8,0x0000000709f00000)
 Metaspace       used 20192K, capacity 21106K, committed 21248K, reserved 1067008K
  class space    used 2521K, capacity 2720K, committed 2816K, reserved 1048576K
}
Event: 1.784 GC heap before
{Heap before GC invocations=6 (full 1):
 PSYoungGen      total 105984K, used 5912K [0x0000000780b00000, 0x000000078de00000, 0x00000007c0000000)
  eden space 98304K, 0% used [0x0000000780b00000,0x0000000780b00000,0x0000000786b00000)
  from space 7680K, 76% used [0x0000000786b00000,0x00000007870c6398,0x0000000787280000)
  to   space 9728K, 0% used [0x000000078d480000,0x000000078d480000,0x000000078de00000)
 ParOldGen       total 130048K, used 1720K [0x0000000702000000, 0x0000000709f00000, 0x0000000780b00000)
  object space 130048K, 1% used [0x0000000702000000,0x00000007021ae1b8,0x0000000709f00000)
 Metaspace       used 20192K, capacity 21106K, committed 21248K, reserved 1067008K
  class space    used 2521K, capacity 2720K, committed 2816K, reserved 1048576K
Event: 1.823 GC heap after
Heap after GC invocations=6 (full 1):
 PSYoungGen      total 105984K, used 0K [0x0000000780b00000, 0x000000078de00000, 0x00000007c0000000)
  eden space 98304K, 0% used [0x0000000780b00000,0x0000000780b00000,0x0000000786b00000)
  from space 7680K, 0% used [0x0000000786b00000,0x0000000786b00000,0x0000000787280000)
  to   space 9728K, 0% used [0x000000078d480000,0x000000078d480000,0x000000078de00000)
 ParOldGen       total 73728K, used 5819K [0x0000000702000000, 0x0000000706800000, 0x0000000780b00000)
  object space 73728K, 7% used [0x0000000702000000,0x00000007025aee88,0x0000000706800000)
 Metaspace       used 20192K, capacity 21106K, committed 21248K, reserved 1067008K
  class space    used 2521K, capacity 2720K, committed 2816K, reserved 1048576K
}
Event: 4.189 GC heap before
{Heap before GC invocations=7 (full 1):
 PSYoungGen      total 105984K, used 98304K [0x0000000780b00000, 0x000000078de00000, 0x00000007c0000000)
  eden space 98304K, 100% used [0x0000000780b00000,0x0000000786b00000,0x0000000786b00000)
  from space 7680K, 0% used [0x0000000786b00000,0x0000000786b00000,0x0000000787280000)
  to   space 9728K, 0% used [0x000000078d480000,0x000000078d480000,0x000000078de00000)
 ParOldGen       total 73728K, used 5819K [0x0000000702000000, 0x0000000706800000, 0x0000000780b00000)
  object space 73728K, 7% used [0x0000000702000000,0x00000007025aee88,0x0000000706800000)
 Metaspace       used 26135K, capacity 27656K, committed 27776K, reserved 1073152K
  class space    used 3364K, capacity 3674K, committed 3712K, reserved 1048576K
Event: 4.223 GC heap after
Heap after GC invocations=7 (full 1):
 PSYoungGen      total 168960K, used 9624K [0x0000000780b00000, 0x000000078de00000, 0x00000007c0000000)
  eden space 159232K, 0% used [0x0000000780b00000,0x0000000780b00000,0x000000078a680000)
  from space 9728K, 98% used [0x000000078d480000,0x000000078dde61a8,0x000000078de00000)
  to   space 10752K, 0% used [0x000000078c900000,0x000000078c900000,0x000000078d380000)
 ParOldGen       total 73728K, used 5827K [0x0000000702000000, 0x0000000706800000, 0x0000000780b00000)
  object space 73728K, 7% used [0x0000000702000000,0x00000007025b0e88,0x0000000706800000)
 Metaspace       used 26135K, capacity 27656K, committed 27776K, reserved 1073152K
  class space    used 3364K, capacity 3674K, committed 3712K, reserved 1048576K
}
Event: 7.955 GC heap before
{Heap before GC invocations=8 (full 1):
 PSYoungGen      total 168960K, used 164230K [0x0000000780b00000, 0x000000078de00000, 0x00000007c0000000)
  eden space 159232K, 97% used [0x0000000780b00000,0x000000078a1fb9f0,0x000000078a680000)
  from space 9728K, 98% used [0x000000078d480000,0x000000078dde61a8,0x000000078de00000)
  to   space 10752K, 0% used [0x000000078c900000,0x000000078c900000,0x000000078d380000)
 ParOldGen       total 73728K, used 5827K [0x0000000702000000, 0x0000000706800000, 0x0000000780b00000)
  object space 73728K, 7% used [0x0000000702000000,0x00000007025b0e88,0x0000000706800000)
 Metaspace       used 33219K, capacity 35378K, committed 35416K, reserved 1079296K
  class space    used 4284K, capacity 4703K, committed 4736K, reserved 1048576K
Event: 7.976 GC heap after
Heap after GC invocations=8 (full 1):
 PSYoungGen      total 169984K, used 10725K [0x0000000780b00000, 0x000000078de00000, 0x00000007c0000000)
  eden space 159232K, 0% used [0x0000000780b00000,0x0000000780b00000,0x000000078a680000)
  from space 10752K, 99% used [0x000000078c900000,0x000000078d3796b0,0x000000078d380000)
  to   space 9728K, 0% used [0x000000078d480000,0x000000078d480000,0x000000078de00000)
 ParOldGen       total 73728K, used 8295K [0x0000000702000000, 0x0000000706800000, 0x0000000780b00000)
  object space 73728K, 11% used [0x0000000702000000,0x0000000702819c90,0x0000000706800000)
 Metaspace       used 33219K, capacity 35378K, committed 35416K, reserved 1079296K
  class space    used 4284K, capacity 4703K, committed 4736K, reserved 1048576K
}
Event: 7.976 GC heap before
{Heap before GC invocations=9 (full 2):
 PSYoungGen      total 169984K, used 10725K [0x0000000780b00000, 0x000000078de00000, 0x00000007c0000000)
  eden space 159232K, 0% used [0x0000000780b00000,0x0000000780b00000,0x000000078a680000)
  from space 10752K, 99% used [0x000000078c900000,0x000000078d3796b0,0x000000078d380000)
  to   space 9728K, 0% used [0x000000078d480000,0x000000078d480000,0x000000078de00000)
 ParOldGen       total 73728K, used 8295K [0x0000000702000000, 0x0000000706800000, 0x0000000780b00000)
  object space 73728K, 11% used [0x0000000702000000,0x0000000702819c90,0x0000000706800000)
 Metaspace       used 33219K, capacity 35378K, committed 35416K, reserved 1079296K
  class space    used 4284K, capacity 4703K, committed 4736K, reserved 1048576K
Event: 8.088 GC heap after
Heap after GC invocations=9 (full 2):
 PSYoungGen      total 169984K, used 0K [0x0000000780b00000, 0x000000078de00000, 0x00000007c0000000)
  eden space 159232K, 0% used [0x0000000780b00000,0x0000000780b00000,0x000000078a680000)
  from space 10752K, 0% used [0x000000078c900000,0x000000078c900000,0x000000078d380000)
  to   space 9728K, 0% used [0x000000078d480000,0x000000078d480000,0x000000078de00000)
 ParOldGen       total 113664K, used 17420K [0x0000000702000000, 0x0000000708f00000, 0x0000000780b00000)
  object space 113664K, 15% used [0x0000000702000000,0x0000000703103308,0x0000000708f00000)
 Metaspace       used 33219K, capacity 35378K, committed 35416K, reserved 1079296K
  class space    used 4284K, capacity 4703K, committed 4736K, reserved 1048576K
}

